<?xml version="1.0" encoding="UTF-8"?>
<testsuite name="com.jolley71717.TestRounds" tests="1" skipped="0" failures="0" errors="0" timestamp="2022-12-10T07:23:47" hostname="LukesPesonalMac" time="0.026">
  <properties/>
  <testcase name="testCasesTotalScore()" classname="com.jolley71717.TestRounds" time="0.026"/>
  <system-out><![CDATA[]]></system-out>
  <system-err><![CDATA[]]></system-err>
</testsuite>
